00:00:01.705976 VirtualBox GUI VM Selector Window 7.0.10 r158379 win.amd64 (Jul 12 2023 18:34:34) release log
00:00:01.705978 Log opened 2023-10-02T07:53:40.272314400Z
00:00:01.705978 Build Type: release
00:00:01.705980 OS Product: Windows 11
00:00:01.705981 OS Release: 10.0.22621
00:00:01.705981 OS Service Pack: 
00:00:01.715513 DMI Product Name: HP ZBook Firefly 15 G7 Mobile Workstation
00:00:01.719309 DMI Product Version: SBKPF
00:00:01.719336 Firmware type: UEFI
00:00:01.719996 Secure Boot: Enabled
00:00:01.720020 Host RAM: 7517MB (7.3GB) total, 1652MB available
00:00:01.720024 Executable: C:\Program Files\Oracle\VirtualBox\VirtualBox.exe
00:00:01.720025 Process ID: 15148
00:00:01.720025 Package type: WINDOWS_64BITS_GENERIC
00:00:01.720204 Qt version: 5.15.2
00:00:01.721123 GUI: UIMediumEnumerator: Initial medium-enumeration finished!
00:00:01.741718 GUI: UIMediumEnumerator: Medium-enumeration started...
00:00:01.741830 GUI: UIMediumEnumerator: Medium-enumeration finished!
00:01:24.741052 GUI: UICommon: Handling aboutToQuit request..
00:01:25.459334 GUI: UICommon: aboutToQuit request handled!
