00:00:00.009529 main     VirtualBox COM Server 7.0.10 r158379 win.amd64 (Jul 12 2023 18:34:34) release log
00:00:00.009534 main     Log opened 2023-10-02T07:53:39.576871500Z
00:00:00.009535 main     Build Type: release
00:00:00.009641 main     OS Product: Windows 11
00:00:00.009643 main     OS Release: 10.0.22621
00:00:00.009644 main     OS Service Pack: 
00:00:00.056436 main     DMI Product Name: HP ZBook Firefly 15 G7 Mobile Workstation
00:00:00.078247 main     DMI Product Version: SBKPF
00:00:00.078287 main     Firmware type: UEFI
00:00:00.079648 main     Secure Boot: Enabled
00:00:00.079749 main     Host RAM: 7517MB (7.3GB) total, 1653MB available
00:00:00.079813 main     Executable: C:\Program Files\Oracle\VirtualBox\VBoxSVC.exe
00:00:00.079815 main     Process ID: 13848
00:00:00.079816 main     Package type: WINDOWS_64BITS_GENERIC
00:00:00.310886          VirtualBox: object creation starts
00:00:00.312164          Home directory: 'C:\Users\Oteng\.VirtualBox'
00:00:00.312497          Installed Drivers:
00:00:00.326537            C:\WINDOWS\system32\DRIVERS\VBoxSup.sys (Version: 7.0.10.8379)
00:00:00.326866            C:\WINDOWS\system32\DRIVERS\VBoxUSBMon.sys (Version: 7.0.10.8379)
00:00:00.327185            C:\WINDOWS\system32\DRIVERS\VBoxNetAdp6.sys (Version: 7.0.10.8379)
00:00:00.327517            C:\WINDOWS\system32\DRIVERS\VBoxNetLwf.sys (Version: 7.0.10.8379)
00:00:00.341227          usbLibGetDevices: Starting USB device enumeration
00:00:00.359878          Getting USB descriptor (id 0) failed (dwErr=31) on hub USB#ROOT_HUB30#4&17877d47&0&0#{f18a0e88-c30c-11d0-8815-00a0c906bed8} port 2
00:00:00.360089          Getting USB descriptor (id 0) failed (dwErr=31) on hub USB#ROOT_HUB30#4&17877d47&0&0#{f18a0e88-c30c-11d0-8815-00a0c906bed8} port 7
00:00:00.360212          Getting USB descriptor (id 0) failed (dwErr=31) on hub USB#ROOT_HUB30#4&17877d47&0&0#{f18a0e88-c30c-11d0-8815-00a0c906bed8} port 10
00:00:00.364950          usbLibGetDevices: Found 3 USB devices, 0 captured
00:00:00.365631          USB: Unknown USB device detected (idVendor: 0x04f2, idProduct: 0xb6bf)
00:00:00.366132          USB: Unknown USB device detected (idVendor: 0x06cb, idProduct: 0x00df)
00:00:00.366465          USB: Unknown USB device detected (idVendor: 0x8087, idProduct: 0x0026)
00:00:00.645406          HostDnsMonitor: initializing
00:00:00.654060          HostDnsMonitor: updating information
00:00:00.654148          HostDnsMonitor: old information
00:00:00.654149            no server entries
00:00:00.654150            no domain set
00:00:00.654150            no search string entries
00:00:00.654151          HostDnsMonitor: new information
00:00:00.654151            server 1: 192.168.0.1
00:00:00.654152            no domain set
00:00:00.654152            no search string entries
00:00:00.664561          VD: VDInit finished with VINF_SUCCESS
00:00:00.666963          VirtualBox: object created
00:00:00.720718          Saving settings file "C:\Users\Oteng\.VirtualBox\VirtualBox.xml" with version "1.12-windows"
00:00:00.725494          Finished saving settings file "C:\Users\Oteng\.VirtualBox\VirtualBox.xml"
00:00:00.725735          Saving settings file "C:\Users\Oteng\.VirtualBox\VirtualBox.xml" with version "1.12-windows"
00:00:00.730011          Finished saving settings file "C:\Users\Oteng\.VirtualBox\VirtualBox.xml"
00:00:00.730195          Saving settings file "C:\Users\Oteng\.VirtualBox\VirtualBox.xml" with version "1.12-windows"
00:00:00.734753          Finished saving settings file "C:\Users\Oteng\.VirtualBox\VirtualBox.xml"
00:00:01.183386          Saving settings file "C:\Users\Oteng\.VirtualBox\VirtualBox.xml" with version "1.12-windows"
00:00:01.186390          Finished saving settings file "C:\Users\Oteng\.VirtualBox\VirtualBox.xml"
00:00:02.941035          Saving settings file "C:\Users\Oteng\.VirtualBox\VirtualBox.xml" with version "1.12-windows"
00:00:02.947177          Finished saving settings file "C:\Users\Oteng\.VirtualBox\VirtualBox.xml"
00:00:03.419539          Saving settings file "C:\Users\Oteng\.VirtualBox\VirtualBox.xml" with version "1.12-windows"
00:00:03.436073          Finished saving settings file "C:\Users\Oteng\.VirtualBox\VirtualBox.xml"
00:00:16.716358          Saving settings file "C:\Users\Oteng\.VirtualBox\VirtualBox.xml" with version "1.12-windows"
00:00:16.730957          Finished saving settings file "C:\Users\Oteng\.VirtualBox\VirtualBox.xml"
00:00:31.429562 ExtPackInst ExtPack: Executing 'C:\Program Files\Oracle\VirtualBox\VBoxExtPackHelperApp.exe' '--display-info-hack' 'hwnd=0x1206a8' 'install' '--base-dir' 'C:\Program Files\Oracle\VirtualBox\ExtensionPacks' '--cert-dir' 'C:\Program Files\Oracle\VirtualBox\ExtPackCertificates' '--name' 'Oracle VM VirtualBox Extension Pack' '--tarball' 'C:/Users/Oteng/Downloads/Oracle_VM_VirtualBox_Extension_Pack-7.0.10.vbox-extpack' '--sha-256' 'af84dccac488df72bfaeb1eb8c922ba466668561a6ac05c64a7f8b6ebdddbaeb'
00:00:33.448288 ExtPackInst ExtPack: enmReason=1 iStatus=0 stderr='rcExit=RTEXITCODE_SUCCESS
00:00:33.448293 ExtPackInst '
00:00:34.022757 ExtPackInst ExtPackManager: Found extension pack 'Oracle VM VirtualBox Extension Pack'.
00:00:34.164163 ExtPackInst ExtPackManager: Successfully installed extension pack 'Oracle VM VirtualBox Extension Pack'.
00:00:34.165219 ExtPackInst OCI: Local config file 'C:\Users\Oteng\.VirtualBox\oci_config' does not exist
00:00:34.165393 ExtPackInst OCI: Original config file 'C:\Users\Oteng\.oci\config' does not exist
00:00:34.165406 ExtPackInst OCI: Reading profiles finished with status ERROR_SUCCESS
00:00:34.165687 ExtPackInst ExtPack: Created cloud provider 'OCI' (hrc=ERROR_SUCCESS)
00:01:04.614886          Saving settings file "C:\Users\Oteng\.VirtualBox\VirtualBox.xml" with version "1.12-windows"
00:01:04.632382          Finished saving settings file "C:\Users\Oteng\.VirtualBox\VirtualBox.xml"
00:01:29.456898 main     VirtualBox: object deletion starts
00:01:29.457866 main     HostDnsMonitor: shutting down ...
00:01:29.457957 main     HostDnsMonitor: shut down
00:01:29.461315 Watcher  ERROR [COM]: aRC=E_ACCESSDENIED (0x80070005) aIID={7682d5eb-f00e-44f1-8ca2-99d08b1cd607} aComponent={VirtualBoxWrap} aText={The object is not ready}, preserve=false aResultDetail=0
00:01:29.461594 main     VirtualBox: object deleted
